<?xml version="1.0" encoding="UTF-8"?>
<testsuite xmlns:xsi="http://www.w3.org/2001/XMLSchema-instance" xsi:noNamespaceSchemaLocation="https://maven.apache.org/surefire/maven-surefire-plugin/xsd/surefire-test-report.xsd" name="GSTest" time="0.147" tests="36" errors="0" skipped="0" failures="0">
  <properties>
[...]
</properties>
  <testcase name="stackPopTest" classname="GSTest" time="0.041"/>
  <testcase name="stackReverseIteratorHasNextTest2" classname="GSTest" time="0.001"/>
  <testcase name="stackListIteratorPreviousTest" classname="GSTest" time="0.004"/>
  <testcase name="stackListIteratorHasNextTest" classname="GSTest" time="0.002"/>
  <testcase name="stackIteratorNextTest2" classname="GSTest" time="0.005"/>
  <testcase name="stackDumpListTest" classname="GSTest" time="0.001"/>
  <testcase name="stackPushTest" classname="GSTest" time="0.002"/>
  <testcase name="stackListIteratorNextTest" classname="GSTest" time="0.001"/>
  <testcase name="stackHeadGetter" classname="GSTest" time="0.001"/>
  <testcase name="stackListIteratorPreviousIndexTest" classname="GSTest" time="0.001"/>
  <testcase name="stackRemoveTailTest" classname="GSTest" time="0.006"/>
  <testcase name="stackTailGetter" classname="GSTest" time="0.002"/>
  <testcase name="stackReverseIteratorNextTest" classname="GSTest" time="0.001"/>
  <testcase name="stackIteratorHasNextTest2" classname="GSTest" time="0.001"/>
  <testcase name="stackHeadSetter" classname="GSTest" time="0"/>
  <testcase name="stackIteratorHasNextTest" classname="GSTest" time="0.001"/>
  <testcase name="stackConstructor" classname="GSTest" time="0.001"/>
  <testcase name="stackConstructor2" classname="GSTest" time="0.003"/>
  <testcase name="stackListIteratorNextIndexTest" classname="GSTest" time="0"/>
  <testcase name="stackValGetter" classname="GSTest" time="0.001"/>
  <testcase name="stackTailSetter" classname="GSTest" time="0"/>
  <testcase name="stackListIteratorAndForEachLoop" classname="GSTest" time="0.004"/>
  <testcase name="stackDeleteNode" classname="GSTest" time="0"/>
  <testcase name="stackDecendingIteratorAndForEachLoop" classname="GSTest" time="0.002"/>
  <testcase name="stackValSetter" classname="GSTest" time="0.001"/>
  <testcase name="stackLengthGetter" classname="GSTest" time="0.001"/>
  <testcase name="stackIteratorAndForEachLoop" classname="GSTest" time="0.002"/>
  <testcase name="stackAdd" classname="GSTest" time="0.001"/>
  <testcase name="stackGet" classname="GSTest" time="0.001"/>
  <testcase name="stackSet" classname="GSTest" time="0.001"/>
  <testcase name="testStackprint" classname="GSTest" time="0.004"/>
  <testcase name="stackListIteratorHasPreviousTest" classname="GSTest" time="0.001"/>
  <testcase name="stackIteratorNextTest" classname="GSTest" time="0.001"/>
  <testcase name="stackLengthSetter" classname="GSTest" time="0.001"/>
  <testcase name="stackNextGetter" classname="GSTest" time="0.001"/>
  <testcase name="stackNextSetter" classname="GSTest" time="0.001"/>
</testsuite>