<?xml version="1.0" encoding="UTF-8"?>
<testsuite xmlns:xsi="http://www.w3.org/2001/XMLSchema-instance" xsi:noNamespaceSchemaLocation="https://maven.apache.org/surefire/maven-surefire-plugin/xsd/surefire-test-report.xsd" name="GQTest" time="0.068" tests="36" errors="0" skipped="0" failures="0">
  <properties>
[...]
</properties>
  <testcase name="queueListIteratorHasPreviousTest" classname="GQTest" time="0"/>
  <testcase name="queueListIteratorPreviousIndexTest" classname="GQTest" time="0"/>
  <testcase name="queueAdd" classname="GQTest" time="0"/>
  <testcase name="queueGet" classname="GQTest" time="0"/>
  <testcase name="queueSet" classname="GQTest" time="0"/>
  <testcase name="queueDumpListTest" classname="GQTest" time="0"/>
  <testcase name="queueConstructor" classname="GQTest" time="0"/>
  <testcase name="queueReverseIteratorHasNextTest2" classname="GQTest" time="0"/>
  <testcase name="queueReverseIteratorNextTest" classname="GQTest" time="0"/>
  <testcase name="queueIteratorAndForEachLoop" classname="GQTest" time="0.005"/>
  <testcase name="queueHeadGetter" classname="GQTest" time="0"/>
  <testcase name="queueIteratorHasNextTest" classname="GQTest" time="0"/>
  <testcase name="queueTailGetter" classname="GQTest" time="0.001"/>
  <testcase name="queueListIteratorNextIndexTest" classname="GQTest" time="0.007"/>
  <testcase name="queueConstructor2" classname="GQTest" time="0"/>
  <testcase name="queueHeadSetter" classname="GQTest" time="0"/>
  <testcase name="queueTailSetter" classname="GQTest" time="0.001"/>
  <testcase name="queueListIteratorPreviousTest" classname="GQTest" time="0.001"/>
  <testcase name="queueDeleteNode" classname="GQTest" time="0.002"/>
  <testcase name="queueValGetter" classname="GQTest" time="0.001"/>
  <testcase name="queueLengthGetter" classname="GQTest" time="0.001"/>
  <testcase name="queueListIteratorAndForEachLoop" classname="GQTest" time="0.002"/>
  <testcase name="queueRemoveTailTest" classname="GQTest" time="0.001"/>
  <testcase name="queueValSetter" classname="GQTest" time="0.001"/>
  <testcase name="queueListIteratorNextTest" classname="GQTest" time="0.003"/>
  <testcase name="queueLengthSetter" classname="GQTest" time="0.001"/>
  <testcase name="queueIteratorNextTest" classname="GQTest" time="0.003"/>
  <testcase name="queueIteratorNextTest2" classname="GQTest" time="0"/>
  <testcase name="testQueueprint" classname="GQTest" time="0.004"/>
  <testcase name="queueDecendingIteratorAndForEachLoop" classname="GQTest" time="0.003"/>
  <testcase name="queueDequeueTest" classname="GQTest" time="0"/>
  <testcase name="queueNextGetter" classname="GQTest" time="0.001"/>
  <testcase name="queueIteratorHasNextTest2" classname="GQTest" time="0.001"/>
  <testcase name="queueNextSetter" classname="GQTest" time="0.001"/>
  <testcase name="queueEnqueueTest" classname="GQTest" time="0"/>
  <testcase name="queueListIteratorHasNextTest" classname="GQTest" time="0.001"/>
</testsuite>